<?xml version="1.0" encoding="UTF-8"?>
<testsuite name="com.tolstykh.blindduel.game.BearingModelTest" tests="6" skipped="0" failures="0" errors="0" timestamp="2026-07-20T02:51:49.028Z" hostname="Mac" time="0.001">
  <properties/>
  <testcase name="opponent stepping toward me moves the estimated bearing" classname="com.tolstykh.blindduel.game.BearingModelTest" time="0.001"/>
  <testcase name="my own rotation shifts opponent to the opposite side on screen" classname="com.tolstykh.blindduel.game.BearingModelTest" time="0.0"/>
  <testcase name="stepDelta points in the direction of the given heading" classname="com.tolstykh.blindduel.game.BearingModelTest" time="0.0"/>
  <testcase name="opponent pivoting without stepping does not shift the estimated bearing" classname="com.tolstykh.blindduel.game.BearingModelTest" time="0.0"/>
  <testcase name="initial opponent position seeds along baseline heading" classname="com.tolstykh.blindduel.game.BearingModelTest" time="0.0"/>
  <testcase name="isAlignedFaceToFace accepts near-opposite baselines and rejects same-direction" classname="com.tolstykh.blindduel.game.BearingModelTest" time="0.0"/>
  <system-out><![CDATA[]]></system-out>
  <system-err><![CDATA[]]></system-err>
</testsuite>
