<?xml version="1.0" encoding="UTF-8"?>
<testsuite name="com.tolstykh.blindduel.game.AngleMathTest" tests="2" skipped="0" failures="0" errors="0" timestamp="2026-07-20T02:51:49.025Z" hostname="Mac" time="0.002">
  <properties/>
  <testcase name="angularDistance is symmetric and minimal" classname="com.tolstykh.blindduel.game.AngleMathTest" time="0.002"/>
  <testcase name="normalizeSigned wraps into the signed -180 to 180 range" classname="com.tolstykh.blindduel.game.AngleMathTest" time="0.0"/>
  <system-out><![CDATA[]]></system-out>
  <system-err><![CDATA[]]></system-err>
</testsuite>
