<?xml version="1.0" encoding="UTF-8"?>
<testsuite name="com.tolstykh.blindduel.game.HitTestTest" tests="2" skipped="0" failures="0" errors="0" timestamp="2026-07-20T02:33:12.139Z" hostname="Mac" time="0.001">
  <properties/>
  <testcase name="angleFromDrag maps screen directions to compass-style angles" classname="com.tolstykh.blindduel.game.HitTestTest" time="0.001"/>
  <testcase name="testHit respects tolerance" classname="com.tolstykh.blindduel.game.HitTestTest" time="0.0"/>
  <system-out><![CDATA[]]></system-out>
  <system-err><![CDATA[]]></system-err>
</testsuite>
